<?xml version="1.0" encoding="UTF-8"?>
<!-- Generated by org.testng.reporters.JUnitReportReporter -->
<testsuite ignored="0" hostname="MSI" failures="0" tests="1" name="loginTest.TC_04_LogingParam" time="2.456" errors="0" timestamp="23 jul. 2022 13:52:14 GMT" skipped="0">
  <testcase classname="loginTest.TC_04_LogingParam" name="TC_04" time="2.456"/>
</testsuite> <!-- loginTest.TC_04_LogingParam -->
