<?xml version="1.0" encoding="UTF-8"?>
<!-- Generated by org.testng.reporters.JUnitReportReporter -->
<testsuite ignored="0" hostname="MSI" failures="0" tests="1" name="loginTest.TC_06_LoginExcel" time="2.647" errors="0" timestamp="23 jul. 2022 15:40:24 GMT" skipped="0">
  <testcase classname="loginTest.TC_06_LoginExcel" name="TC_06" time="2.647"/>
</testsuite> <!-- loginTest.TC_06_LoginExcel -->
