<?xml version="1.0" encoding="UTF-8"?>
<!-- Generated by org.testng.reporters.JUnitReportReporter -->
<testsuite ignored="0" hostname="MSI" failures="0" tests="1" name="loginTest.TC_02_Logout" time="3.061" errors="0" timestamp="23 jul. 2022 13:27:34 GMT" skipped="0">
  <testcase classname="loginTest.TC_02_Logout" name="TC_02" time="3.061"/>
</testsuite> <!-- loginTest.TC_02_Logout -->
