<?xml version="1.0" encoding="UTF-8"?>
<!-- Generated by org.testng.reporters.JUnitReportReporter -->
<testsuite ignored="0" hostname="MSI" failures="0" tests="1" name="loginTest.TC_05_LoginJson" time="1.271" errors="0" timestamp="23 jul. 2022 14:51:27 GMT" skipped="0">
  <testcase classname="loginTest.TC_05_LoginJson" name="TC_05" time="1.271"/>
</testsuite> <!-- loginTest.TC_05_LoginJson -->
