<?xml version="1.0" encoding="UTF-8"?>
<!-- Generated by org.testng.reporters.JUnitReportReporter -->
<testsuite ignored="0" hostname="MSI" failures="0" tests="1" name="testSel.hardAssert" time="2.406" errors="0" timestamp="16 jul. 2022 14:49:52 GMT" skipped="0">
  <testcase classname="testSel.hardAssert" name="assertEq" time="2.406"/>
</testsuite> <!-- testSel.hardAssert -->
