<?xml version="1.0" encoding="UTF-8"?>
<!-- Generated by org.testng.reporters.JUnitReportReporter -->
<testsuite ignored="0" hostname="MSI" failures="0" tests="1" name="loginTest.TX_01_Login" time="1.402" errors="0" timestamp="23 jul. 2022 14:19:46 GMT" skipped="0">
  <testcase classname="loginTest.TX_01_Login" name="TC_01" time="1.402"/>
</testsuite> <!-- loginTest.TX_01_Login -->
