<?xml version="1.0" encoding="UTF-8"?>
<!-- Generated by org.testng.reporters.JUnitReportReporter -->
<testsuite ignored="0" hostname="MSI" failures="0" tests="1" name="testSel.SelTest" time="1.771" errors="0" timestamp="25 jun. 2022 14:39:42 GMT" skipped="0">
  <testcase classname="testSel.SelTest" name="f" time="1.771"/>
</testsuite> <!-- testSel.SelTest -->
